生成启动时间为 2020/5/16 17:35:22。
     1>项目“D:\Programming\Github\LocalOptimization\bookExample5_1\bookExample5_1\bookExample5_1.vcxproj”在节点 2 上(Build 个目标)。
     1>ClCompile:
         D:\Software\VS2012\VC\bin\CL.exe /c /ZI /nologo /W3 /WX- /Od /Oy- /D WIN32 /D _DEBUG /D _CONSOLE /D _UNICODE /D UNICODE /Gm /EHsc /RTC1 /MDd /GS /fp:precise /Zc:wchar_t /Zc:forScope /Fo"Debug\\" /Fd"Debug\vc110.pdb" /Gd /TP /analyze- /errorReport:prompt ModelFun.cpp
         ModelFun.cpp
     1>d:\programming\github\localoptimization\bookexample5_1\bookexample5_1\modelfun.cpp(471): warning C4996: 'fopen': This function or variable may be unsafe. Consider using fopen_s instead. To disable deprecation, use _CRT_SECURE_NO_WARNINGS. See online help for details.
                 d:\software\vs2012\vc\include\stdio.h(218) : 参见“fopen”的声明
     1>d:\programming\github\localoptimization\bookexample5_1\bookexample5_1\modelfun.cpp(553): warning C4996: 'fopen': This function or variable may be unsafe. Consider using fopen_s instead. To disable deprecation, use _CRT_SECURE_NO_WARNINGS. See online help for details.
                 d:\software\vs2012\vc\include\stdio.h(218) : 参见“fopen”的声明
       Link:
         D:\Software\VS2012\VC\bin\link.exe /ERRORREPORT:PROMPT /OUT:"D:\Programming\Github\LocalOptimization\bookExample5_1\Debug\bookExample5_1.exe" /INCREMENTAL /NOLOGO kernel32.lib user32.lib gdi32.lib winspool.lib comdlg32.lib advapi32.lib shell32.lib ole32.lib oleaut32.lib uuid.lib odbc32.lib odbccp32.lib /MANIFEST /MANIFESTUAC:"level='asInvoker' uiAccess='false'" /manifest:embed /DEBUG /PDB:"D:\Programming\Github\LocalOptimization\bookExample5_1\Debug\bookExample5_1.pdb" /SUBSYSTEM:CONSOLE /TLBID:1 /DYNAMICBASE /NXCOMPAT /IMPLIB:"D:\Programming\Github\LocalOptimization\bookExample5_1\Debug\bookExample5_1.lib" /MACHINE:X86 Debug\Cartesian.obj
         Debug\main.obj
         Debug\chkder.obj
         Debug\covar.obj
         Debug\covar1.obj
         Debug\dogleg.obj
         Debug\dpmpar.obj
         Debug\enorm.obj
         Debug\fdjac1.obj
         Debug\fdjac2.obj
         Debug\hybrd.obj
         Debug\hybrd1.obj
         Debug\hybrj.obj
         Debug\hybrj1.obj
         Debug\lmder.obj
         Debug\lmder1.obj
         Debug\lmdif.obj
         Debug\lmdif1.obj
         Debug\lmpar.obj
         Debug\lmstr.obj
         Debug\lmstr1.obj
         Debug\qform.obj
         Debug\qrfac.obj
         Debug\qrsolv.obj
         Debug\r1mpyq.obj
         Debug\r1updt.obj
         Debug\rwupdt.obj
         Debug\ModelFun.obj
         Debug\ODE45.obj
         Debug\OrbitFun.obj
         bookExample5_1.vcxproj -> D:\Programming\Github\LocalOptimization\bookExample5_1\Debug\bookExample5_1.exe
     1>已完成生成项目“D:\Programming\Github\LocalOptimization\bookExample5_1\bookExample5_1\bookExample5_1.vcxproj”(Build 个目标)的操作。

生成成功。

已用时间 00:00:01.08
